
Gurobi 7.5.2 (mac64, Python) logging started Sun Nov 26 18:25:23 2017


Gurobi 7.5.2 (mac64, Python) logging started Sun Nov 26 18:27:10 2017


Gurobi 7.5.2 (mac64, Python) logging started Sun Nov 26 18:40:46 2017


Gurobi 7.5.2 (mac64, Python) logging started Sun Nov 26 18:40:50 2017


Gurobi 7.5.2 (mac64, Python) logging started Sun Nov 26 18:41:19 2017


Gurobi 7.5.2 (mac64, Python) logging started Sun Nov 26 19:21:40 2017

Academic license - for non-commercial use only

Gurobi 7.5.2 (mac64, Python) logging started Sun Nov 26 19:21:57 2017

Academic license - for non-commercial use only
Optimize a model with 150 rows, 320 columns and 982 nonzeros
Variable types: 0 continuous, 320 integer (320 binary)
Coefficient statistics:
  Matrix range     [1e+00, 1e+00]
  Objective range  [0e+00, 0e+00]
  Bounds range     [1e+00, 1e+00]
  RHS range        [1e+00, 4e+00]
Presolve removed 19 rows and 97 columns
Presolve time: 0.00s

Explored 0 nodes (0 simplex iterations) in 0.01 seconds
Thread count was 1 (of 8 available processors)

Solution count 0

Model is infeasible
Best objective -, best bound -, gap -

Gurobi 7.5.2 (mac64, Python) logging started Sun Nov 26 19:26:32 2017

Academic license - for non-commercial use only
Optimize a model with 150 rows, 320 columns and 982 nonzeros
Variable types: 0 continuous, 320 integer (320 binary)
Coefficient statistics:
  Matrix range     [1e+00, 1e+00]
  Objective range  [0e+00, 0e+00]
  Bounds range     [1e+00, 1e+00]
  RHS range        [1e+00, 4e+00]
Presolve removed 19 rows and 97 columns
Presolve time: 0.00s

Explored 0 nodes (0 simplex iterations) in 0.00 seconds
Thread count was 1 (of 8 available processors)

Solution count 0

Model is infeasible
Best objective -, best bound -, gap -

Gurobi 7.5.2 (mac64, Python) logging started Sun Nov 26 19:26:52 2017

Academic license - for non-commercial use only
Optimize a model with 144 rows, 320 columns and 960 nonzeros
Variable types: 0 continuous, 320 integer (320 binary)
Coefficient statistics:
  Matrix range     [1e+00, 1e+00]
  Objective range  [0e+00, 0e+00]
  Bounds range     [1e+00, 1e+00]
  RHS range        [1e+00, 4e+00]
Found heuristic solution: objective 0.0000000

Explored 0 nodes (0 simplex iterations) in 0.00 seconds
Thread count was 1 (of 8 available processors)

Solution count 1: 0 

Optimal solution found (tolerance 1.00e-04)
Best objective 0.000000000000e+00, best bound 0.000000000000e+00, gap 0.0000%

Gurobi 7.5.2 (mac64, Python) logging started Sun Nov 26 19:27:02 2017

Academic license - for non-commercial use only
Optimize a model with 144 rows, 320 columns and 960 nonzeros
Variable types: 0 continuous, 320 integer (320 binary)
Coefficient statistics:
  Matrix range     [1e+00, 1e+00]
  Objective range  [0e+00, 0e+00]
  Bounds range     [1e+00, 1e+00]
  RHS range        [1e+00, 4e+00]
Found heuristic solution: objective 0.0000000

Explored 0 nodes (0 simplex iterations) in 0.00 seconds
Thread count was 1 (of 8 available processors)

Solution count 1: 0 

Optimal solution found (tolerance 1.00e-04)
Best objective 0.000000000000e+00, best bound 0.000000000000e+00, gap 0.0000%

Gurobi 7.5.2 (mac64, Python) logging started Sun Nov 26 19:27:35 2017

Academic license - for non-commercial use only
Optimize a model with 146 rows, 320 columns and 968 nonzeros
Variable types: 0 continuous, 320 integer (320 binary)
Coefficient statistics:
  Matrix range     [1e+00, 1e+00]
  Objective range  [0e+00, 0e+00]
  Bounds range     [1e+00, 1e+00]
  RHS range        [1e+00, 4e+00]
Presolve removed 18 rows and 96 columns
Presolve time: 0.00s

Explored 0 nodes (0 simplex iterations) in 0.00 seconds
Thread count was 1 (of 8 available processors)

Solution count 0

Model is infeasible
Best objective -, best bound -, gap -

Gurobi 7.5.2 (mac64, Python) logging started Sun Nov 26 19:28:25 2017

Academic license - for non-commercial use only
Optimize a model with 145 rows, 320 columns and 964 nonzeros
Variable types: 0 continuous, 320 integer (320 binary)
Coefficient statistics:
  Matrix range     [1e+00, 1e+00]
  Objective range  [0e+00, 0e+00]
  Bounds range     [1e+00, 1e+00]
  RHS range        [1e+00, 4e+00]
Found heuristic solution: objective 0.0000000

Explored 0 nodes (0 simplex iterations) in 0.00 seconds
Thread count was 1 (of 8 available processors)

Solution count 1: 0 

Optimal solution found (tolerance 1.00e-04)
Best objective 0.000000000000e+00, best bound 0.000000000000e+00, gap 0.0000%

Gurobi 7.5.2 (mac64, Python) logging started Sun Nov 26 19:28:49 2017

Academic license - for non-commercial use only
Optimize a model with 145 rows, 320 columns and 964 nonzeros
Variable types: 0 continuous, 320 integer (320 binary)
Coefficient statistics:
  Matrix range     [1e+00, 1e+00]
  Objective range  [0e+00, 0e+00]
  Bounds range     [1e+00, 1e+00]
  RHS range        [1e+00, 4e+00]
Found heuristic solution: objective 0.0000000

Explored 0 nodes (0 simplex iterations) in 0.00 seconds
Thread count was 1 (of 8 available processors)

Solution count 1: 0 

Optimal solution found (tolerance 1.00e-04)
Best objective 0.000000000000e+00, best bound 0.000000000000e+00, gap 0.0000%

Gurobi 7.5.2 (mac64, Python) logging started Sun Nov 26 19:32:44 2017

Academic license - for non-commercial use only
Optimize a model with 146 rows, 320 columns and 968 nonzeros
Variable types: 0 continuous, 320 integer (320 binary)
Coefficient statistics:
  Matrix range     [1e+00, 1e+00]
  Objective range  [0e+00, 0e+00]
  Bounds range     [1e+00, 1e+00]
  RHS range        [1e+00, 4e+00]
Presolve removed 18 rows and 96 columns
Presolve time: 0.00s

Explored 0 nodes (0 simplex iterations) in 0.00 seconds
Thread count was 1 (of 8 available processors)

Solution count 0

Model is infeasible
Best objective -, best bound -, gap -

Gurobi 7.5.2 (mac64, Python) logging started Sun Nov 26 19:32:55 2017

Academic license - for non-commercial use only
Optimize a model with 145 rows, 320 columns and 964 nonzeros
Variable types: 0 continuous, 320 integer (320 binary)
Coefficient statistics:
  Matrix range     [1e+00, 1e+00]
  Objective range  [0e+00, 0e+00]
  Bounds range     [1e+00, 1e+00]
  RHS range        [1e+00, 4e+00]
Found heuristic solution: objective 0.0000000

Explored 0 nodes (0 simplex iterations) in 0.00 seconds
Thread count was 1 (of 8 available processors)

Solution count 1: 0 

Optimal solution found (tolerance 1.00e-04)
Best objective 0.000000000000e+00, best bound 0.000000000000e+00, gap 0.0000%

Gurobi 7.5.2 (mac64, Python) logging started Sun Nov 26 19:39:39 2017

Academic license - for non-commercial use only
Optimize a model with 150 rows, 320 columns and 982 nonzeros
Variable types: 0 continuous, 320 integer (320 binary)
Coefficient statistics:
  Matrix range     [1e+00, 1e+00]
  Objective range  [0e+00, 0e+00]
  Bounds range     [1e+00, 1e+00]
  RHS range        [1e+00, 4e+00]
Found heuristic solution: objective 0.0000000

Explored 0 nodes (0 simplex iterations) in 0.00 seconds
Thread count was 1 (of 8 available processors)

Solution count 1: 0 

Optimal solution found (tolerance 1.00e-04)
Best objective 0.000000000000e+00, best bound 0.000000000000e+00, gap 0.0000%

Gurobi 7.5.2 (mac64, Python) logging started Sun Nov 26 19:40:43 2017

Academic license - for non-commercial use only
Optimize a model with 153 rows, 320 columns and 991 nonzeros
Variable types: 0 continuous, 320 integer (320 binary)
Coefficient statistics:
  Matrix range     [1e+00, 1e+00]
  Objective range  [0e+00, 0e+00]
  Bounds range     [1e+00, 1e+00]
  RHS range        [1e+00, 4e+00]
Found heuristic solution: objective 0.0000000

Explored 0 nodes (0 simplex iterations) in 0.00 seconds
Thread count was 1 (of 8 available processors)

Solution count 1: 0 

Optimal solution found (tolerance 1.00e-04)
Best objective 0.000000000000e+00, best bound 0.000000000000e+00, gap 0.0000%

Gurobi 7.5.2 (mac64, Python) logging started Sun Nov 26 19:43:50 2017

Academic license - for non-commercial use only
Optimize a model with 160 rows, 320 columns and 1016 nonzeros
Variable types: 0 continuous, 320 integer (320 binary)
Coefficient statistics:
  Matrix range     [1e+00, 1e+00]
  Objective range  [0e+00, 0e+00]
  Bounds range     [1e+00, 1e+00]
  RHS range        [1e+00, 4e+00]
Presolve removed 63 rows and 190 columns
Presolve time: 0.01s
Presolved: 97 rows, 130 columns, 436 nonzeros
Variable types: 0 continuous, 130 integer (130 binary)
Found heuristic solution: objective 0.0000000

Explored 0 nodes (0 simplex iterations) in 0.01 seconds
Thread count was 8 (of 8 available processors)

Solution count 1: 0 

Optimal solution found (tolerance 1.00e-04)
Best objective 0.000000000000e+00, best bound 0.000000000000e+00, gap 0.0000%

Gurobi 7.5.2 (mac64, Python) logging started Sun Nov 26 19:45:35 2017

Academic license - for non-commercial use only
Optimize a model with 160 rows, 320 columns and 1016 nonzeros
Variable types: 0 continuous, 320 integer (320 binary)
Coefficient statistics:
  Matrix range     [1e+00, 1e+00]
  Objective range  [0e+00, 0e+00]
  Bounds range     [1e+00, 1e+00]
  RHS range        [1e+00, 4e+00]
Presolve removed 83 rows and 225 columns
Presolve time: 0.00s
Presolved: 77 rows, 95 columns, 334 nonzeros
Variable types: 0 continuous, 95 integer (95 binary)
Found heuristic solution: objective 0.0000000

Explored 0 nodes (0 simplex iterations) in 0.01 seconds
Thread count was 8 (of 8 available processors)

Solution count 1: 0 

Optimal solution found (tolerance 1.00e-04)
Best objective 0.000000000000e+00, best bound 0.000000000000e+00, gap 0.0000%

Gurobi 7.5.2 (mac64, Python) logging started Sun Nov 26 19:46:44 2017

Academic license - for non-commercial use only
Optimize a model with 160 rows, 320 columns and 1016 nonzeros
Variable types: 0 continuous, 320 integer (320 binary)
Coefficient statistics:
  Matrix range     [1e+00, 1e+00]
  Objective range  [0e+00, 0e+00]
  Bounds range     [1e+00, 1e+00]
  RHS range        [1e+00, 4e+00]
Presolve removed 76 rows and 219 columns
Presolve time: 0.00s

Explored 0 nodes (0 simplex iterations) in 0.00 seconds
Thread count was 1 (of 8 available processors)

Solution count 0

Model is infeasible
Best objective -, best bound -, gap -

Gurobi 7.5.2 (mac64, Python) logging started Sun Nov 26 19:47:07 2017

Academic license - for non-commercial use only
Optimize a model with 160 rows, 320 columns and 1016 nonzeros
Variable types: 0 continuous, 320 integer (320 binary)
Coefficient statistics:
  Matrix range     [1e+00, 1e+00]
  Objective range  [0e+00, 0e+00]
  Bounds range     [1e+00, 1e+00]
  RHS range        [1e+00, 4e+00]
Presolve removed 83 rows and 225 columns
Presolve time: 0.00s
Presolved: 77 rows, 95 columns, 334 nonzeros
Variable types: 0 continuous, 95 integer (95 binary)
Found heuristic solution: objective 0.0000000

Explored 0 nodes (0 simplex iterations) in 0.01 seconds
Thread count was 8 (of 8 available processors)

Solution count 1: 0 

Optimal solution found (tolerance 1.00e-04)
Best objective 0.000000000000e+00, best bound 0.000000000000e+00, gap 0.0000%

Gurobi 7.5.2 (mac64, Python) logging started Sun Nov 26 19:47:59 2017

Academic license - for non-commercial use only
Optimize a model with 160 rows, 320 columns and 1016 nonzeros
Variable types: 0 continuous, 320 integer (320 binary)
Coefficient statistics:
  Matrix range     [1e+00, 1e+00]
  Objective range  [0e+00, 0e+00]
  Bounds range     [1e+00, 1e+00]
  RHS range        [1e+00, 4e+00]
Presolve removed 51 rows and 181 columns
Presolve time: 0.01s
Presolved: 109 rows, 139 columns, 479 nonzeros
Variable types: 0 continuous, 139 integer (139 binary)
Found heuristic solution: objective 0.0000000

Explored 0 nodes (0 simplex iterations) in 0.01 seconds
Thread count was 8 (of 8 available processors)

Solution count 1: 0 

Optimal solution found (tolerance 1.00e-04)
Best objective 0.000000000000e+00, best bound 0.000000000000e+00, gap 0.0000%

Gurobi 7.5.2 (mac64, Python) logging started Sun Nov 26 19:52:09 2017

Academic license - for non-commercial use only
Optimize a model with 160 rows, 320 columns and 1016 nonzeros
Variable types: 0 continuous, 320 integer (320 binary)
Coefficient statistics:
  Matrix range     [1e+00, 1e+00]
  Objective range  [0e+00, 0e+00]
  Bounds range     [1e+00, 1e+00]
  RHS range        [1e+00, 4e+00]
Found heuristic solution: objective 0.0000000

Explored 0 nodes (0 simplex iterations) in 0.00 seconds
Thread count was 1 (of 8 available processors)

Solution count 1: 0 

Optimal solution found (tolerance 1.00e-04)
Best objective 0.000000000000e+00, best bound 0.000000000000e+00, gap 0.0000%

Gurobi 7.5.2 (mac64, Python) logging started Sun Nov 26 19:53:07 2017

Academic license - for non-commercial use only
Optimize a model with 160 rows, 320 columns and 1016 nonzeros
Variable types: 0 continuous, 320 integer (320 binary)
Coefficient statistics:
  Matrix range     [1e+00, 1e+00]
  Objective range  [0e+00, 0e+00]
  Bounds range     [1e+00, 1e+00]
  RHS range        [1e+00, 4e+00]
Presolve removed 57 rows and 193 columns
Presolve time: 0.00s
Presolved: 103 rows, 127 columns, 440 nonzeros
Variable types: 0 continuous, 127 integer (127 binary)
Found heuristic solution: objective 0.0000000

Explored 0 nodes (0 simplex iterations) in 0.01 seconds
Thread count was 8 (of 8 available processors)

Solution count 1: 0 

Optimal solution found (tolerance 1.00e-04)
Best objective 0.000000000000e+00, best bound 0.000000000000e+00, gap 0.0000%

Gurobi 7.5.2 (mac64, Python) logging started Sun Nov 26 19:53:14 2017

Academic license - for non-commercial use only
Optimize a model with 160 rows, 320 columns and 1016 nonzeros
Variable types: 0 continuous, 320 integer (320 binary)
Coefficient statistics:
  Matrix range     [1e+00, 1e+00]
  Objective range  [0e+00, 0e+00]
  Bounds range     [1e+00, 1e+00]
  RHS range        [1e+00, 4e+00]
Presolve removed 73 rows and 231 columns
Presolve time: 0.01s
Presolved: 87 rows, 89 columns, 346 nonzeros
Variable types: 0 continuous, 89 integer (89 binary)
Found heuristic solution: objective 0.0000000

Explored 0 nodes (0 simplex iterations) in 0.01 seconds
Thread count was 8 (of 8 available processors)

Solution count 1: 0 

Optimal solution found (tolerance 1.00e-04)
Best objective 0.000000000000e+00, best bound 0.000000000000e+00, gap 0.0000%

Gurobi 7.5.2 (mac64, Python) logging started Sun Nov 26 19:53:39 2017

Academic license - for non-commercial use only
Optimize a model with 160 rows, 320 columns and 1016 nonzeros
Variable types: 0 continuous, 320 integer (320 binary)
Coefficient statistics:
  Matrix range     [1e+00, 1e+00]
  Objective range  [0e+00, 0e+00]
  Bounds range     [1e+00, 1e+00]
  RHS range        [1e+00, 4e+00]
Presolve removed 87 rows and 251 columns
Presolve time: 0.01s
Presolved: 73 rows, 69 columns, 288 nonzeros
Variable types: 0 continuous, 69 integer (69 binary)
Found heuristic solution: objective 0.0000000

Explored 0 nodes (0 simplex iterations) in 0.01 seconds
Thread count was 8 (of 8 available processors)

Solution count 1: 0 

Optimal solution found (tolerance 1.00e-04)
Best objective 0.000000000000e+00, best bound 0.000000000000e+00, gap 0.0000%

Gurobi 7.5.2 (mac64, Python) logging started Sun Nov 26 19:53:59 2017

Academic license - for non-commercial use only
Optimize a model with 160 rows, 320 columns and 1016 nonzeros
Variable types: 0 continuous, 320 integer (320 binary)
Coefficient statistics:
  Matrix range     [1e+00, 1e+00]
  Objective range  [0e+00, 0e+00]
  Bounds range     [1e+00, 1e+00]
  RHS range        [1e+00, 4e+00]
Presolve removed 160 rows and 320 columns
Presolve time: 0.00s
Presolve: All rows and columns removed

Explored 0 nodes (0 simplex iterations) in 0.01 seconds
Thread count was 1 (of 8 available processors)

Solution count 1: 0 

Optimal solution found (tolerance 1.00e-04)
Best objective 0.000000000000e+00, best bound 0.000000000000e+00, gap 0.0000%

Gurobi 7.5.2 (mac64, Python) logging started Sun Nov 26 19:55:20 2017

Academic license - for non-commercial use only
Optimize a model with 160 rows, 320 columns and 1016 nonzeros
Variable types: 0 continuous, 320 integer (320 binary)
Coefficient statistics:
  Matrix range     [1e+00, 1e+00]
  Objective range  [0e+00, 0e+00]
  Bounds range     [1e+00, 1e+00]
  RHS range        [1e+00, 4e+00]
Presolve removed 160 rows and 320 columns
Presolve time: 0.00s
Presolve: All rows and columns removed

Explored 0 nodes (0 simplex iterations) in 0.00 seconds
Thread count was 1 (of 8 available processors)

Solution count 1: 0 

Optimal solution found (tolerance 1.00e-04)
Best objective 0.000000000000e+00, best bound 0.000000000000e+00, gap 0.0000%

Gurobi 7.5.2 (mac64, Python) logging started Wed Dec  6 15:28:08 2017

Academic license - for non-commercial use only
Optimize a model with 160 rows, 320 columns and 1016 nonzeros
Variable types: 0 continuous, 320 integer (320 binary)
Coefficient statistics:
  Matrix range     [1e+00, 1e+00]
  Objective range  [0e+00, 0e+00]
  Bounds range     [1e+00, 1e+00]
  RHS range        [1e+00, 4e+00]
Presolve removed 160 rows and 320 columns
Presolve time: 0.01s
Presolve: All rows and columns removed

Explored 0 nodes (0 simplex iterations) in 0.01 seconds
Thread count was 1 (of 8 available processors)

Solution count 1: 0 

Optimal solution found (tolerance 1.00e-04)
Best objective 0.000000000000e+00, best bound 0.000000000000e+00, gap 0.0000%

Gurobi 7.5.2 (mac64, Python) logging started Wed Dec  6 16:30:57 2017

Academic license - for non-commercial use only
Optimize a model with 160 rows, 320 columns and 1016 nonzeros
Variable types: 0 continuous, 320 integer (320 binary)
Coefficient statistics:
  Matrix range     [1e+00, 1e+00]
  Objective range  [0e+00, 0e+00]
  Bounds range     [1e+00, 1e+00]
  RHS range        [1e+00, 4e+00]
Presolve removed 160 rows and 320 columns
Presolve time: 0.00s
Presolve: All rows and columns removed

Explored 0 nodes (0 simplex iterations) in 0.00 seconds
Thread count was 1 (of 8 available processors)

Solution count 1: 0 

Optimal solution found (tolerance 1.00e-04)
Best objective 0.000000000000e+00, best bound 0.000000000000e+00, gap 0.0000%

Gurobi 7.5.2 (mac64, Python) logging started Wed Dec 20 21:26:23 2017

Academic license - for non-commercial use only
Optimize a model with 160 rows, 320 columns and 1016 nonzeros
Variable types: 0 continuous, 320 integer (320 binary)
Coefficient statistics:
  Matrix range     [1e+00, 1e+00]
  Objective range  [0e+00, 0e+00]
  Bounds range     [1e+00, 1e+00]
  RHS range        [1e+00, 4e+00]
Presolve removed 160 rows and 320 columns
Presolve time: 0.01s
Presolve: All rows and columns removed

Explored 0 nodes (0 simplex iterations) in 0.01 seconds
Thread count was 1 (of 8 available processors)

Solution count 1: 0 

Optimal solution found (tolerance 1.00e-04)
Best objective 0.000000000000e+00, best bound 0.000000000000e+00, gap 0.0000%

Gurobi 7.5.2 (mac64, Python) logging started Wed Dec 20 21:26:30 2017

Academic license - for non-commercial use only
Optimize a model with 160 rows, 320 columns and 1016 nonzeros
Variable types: 0 continuous, 320 integer (320 binary)
Coefficient statistics:
  Matrix range     [1e+00, 1e+00]
  Objective range  [0e+00, 0e+00]
  Bounds range     [1e+00, 1e+00]
  RHS range        [1e+00, 4e+00]
Presolve removed 160 rows and 320 columns
Presolve time: 0.00s
Presolve: All rows and columns removed

Explored 0 nodes (0 simplex iterations) in 0.00 seconds
Thread count was 1 (of 8 available processors)

Solution count 1: 0 

Optimal solution found (tolerance 1.00e-04)
Best objective 0.000000000000e+00, best bound 0.000000000000e+00, gap 0.0000%

Gurobi 7.5.2 (mac64, Python) logging started Wed Dec 20 21:28:34 2017

Academic license - for non-commercial use only
Optimize a model with 160 rows, 320 columns and 1016 nonzeros
Variable types: 0 continuous, 320 integer (320 binary)
Coefficient statistics:
  Matrix range     [1e+00, 1e+00]
  Objective range  [0e+00, 0e+00]
  Bounds range     [1e+00, 1e+00]
  RHS range        [1e+00, 4e+00]
Presolve removed 160 rows and 320 columns
Presolve time: 0.00s
Presolve: All rows and columns removed

Explored 0 nodes (0 simplex iterations) in 0.00 seconds
Thread count was 1 (of 8 available processors)

Solution count 1: 0 

Optimal solution found (tolerance 1.00e-04)
Best objective 0.000000000000e+00, best bound 0.000000000000e+00, gap 0.0000%

Gurobi 7.5.2 (mac64, Python) logging started Wed Dec 20 21:28:40 2017

Academic license - for non-commercial use only
Optimize a model with 160 rows, 320 columns and 1016 nonzeros
Variable types: 0 continuous, 320 integer (320 binary)
Coefficient statistics:
  Matrix range     [1e+00, 1e+00]
  Objective range  [0e+00, 0e+00]
  Bounds range     [1e+00, 1e+00]
  RHS range        [1e+00, 4e+00]
Presolve removed 160 rows and 320 columns
Presolve time: 0.00s
Presolve: All rows and columns removed

Explored 0 nodes (0 simplex iterations) in 0.00 seconds
Thread count was 1 (of 8 available processors)

Solution count 1: 0 

Optimal solution found (tolerance 1.00e-04)
Best objective 0.000000000000e+00, best bound 0.000000000000e+00, gap 0.0000%

Gurobi 7.5.2 (mac64, Python) logging started Wed Dec 20 21:28:42 2017

Academic license - for non-commercial use only
Optimize a model with 160 rows, 320 columns and 1016 nonzeros
Variable types: 0 continuous, 320 integer (320 binary)
Coefficient statistics:
  Matrix range     [1e+00, 1e+00]
  Objective range  [0e+00, 0e+00]
  Bounds range     [1e+00, 1e+00]
  RHS range        [1e+00, 4e+00]
Presolve removed 160 rows and 320 columns
Presolve time: 0.00s
Presolve: All rows and columns removed

Explored 0 nodes (0 simplex iterations) in 0.00 seconds
Thread count was 1 (of 8 available processors)

Solution count 1: 0 

Optimal solution found (tolerance 1.00e-04)
Best objective 0.000000000000e+00, best bound 0.000000000000e+00, gap 0.0000%

Gurobi 7.5.2 (mac64, Python) logging started Wed Dec 20 21:28:42 2017

Academic license - for non-commercial use only
Optimize a model with 160 rows, 320 columns and 1016 nonzeros
Variable types: 0 continuous, 320 integer (320 binary)
Coefficient statistics:
  Matrix range     [1e+00, 1e+00]
  Objective range  [0e+00, 0e+00]
  Bounds range     [1e+00, 1e+00]
  RHS range        [1e+00, 4e+00]
Presolve removed 160 rows and 320 columns
Presolve time: 0.00s
Presolve: All rows and columns removed

Explored 0 nodes (0 simplex iterations) in 0.00 seconds
Thread count was 1 (of 8 available processors)

Solution count 1: 0 

Optimal solution found (tolerance 1.00e-04)
Best objective 0.000000000000e+00, best bound 0.000000000000e+00, gap 0.0000%

Gurobi 7.5.2 (mac64, Python) logging started Wed Dec 20 21:28:43 2017

Academic license - for non-commercial use only
Optimize a model with 160 rows, 320 columns and 1016 nonzeros
Variable types: 0 continuous, 320 integer (320 binary)
Coefficient statistics:
  Matrix range     [1e+00, 1e+00]
  Objective range  [0e+00, 0e+00]
  Bounds range     [1e+00, 1e+00]
  RHS range        [1e+00, 4e+00]
Presolve removed 160 rows and 320 columns
Presolve time: 0.00s
Presolve: All rows and columns removed

Explored 0 nodes (0 simplex iterations) in 0.00 seconds
Thread count was 1 (of 8 available processors)

Solution count 1: 0 

Optimal solution found (tolerance 1.00e-04)
Best objective 0.000000000000e+00, best bound 0.000000000000e+00, gap 0.0000%

Gurobi 7.5.2 (mac64, Python) logging started Wed Dec 20 21:28:44 2017

Academic license - for non-commercial use only
Optimize a model with 160 rows, 320 columns and 1016 nonzeros
Variable types: 0 continuous, 320 integer (320 binary)
Coefficient statistics:
  Matrix range     [1e+00, 1e+00]
  Objective range  [0e+00, 0e+00]
  Bounds range     [1e+00, 1e+00]
  RHS range        [1e+00, 4e+00]
Presolve removed 160 rows and 320 columns
Presolve time: 0.00s
Presolve: All rows and columns removed

Explored 0 nodes (0 simplex iterations) in 0.00 seconds
Thread count was 1 (of 8 available processors)

Solution count 1: 0 

Optimal solution found (tolerance 1.00e-04)
Best objective 0.000000000000e+00, best bound 0.000000000000e+00, gap 0.0000%

Gurobi 7.5.2 (mac64, Python) logging started Wed Dec 20 21:28:45 2017

Academic license - for non-commercial use only
Optimize a model with 160 rows, 320 columns and 1016 nonzeros
Variable types: 0 continuous, 320 integer (320 binary)
Coefficient statistics:
  Matrix range     [1e+00, 1e+00]
  Objective range  [0e+00, 0e+00]
  Bounds range     [1e+00, 1e+00]
  RHS range        [1e+00, 4e+00]
Presolve removed 160 rows and 320 columns
Presolve time: 0.00s
Presolve: All rows and columns removed

Explored 0 nodes (0 simplex iterations) in 0.00 seconds
Thread count was 1 (of 8 available processors)

Solution count 1: 0 

Optimal solution found (tolerance 1.00e-04)
Best objective 0.000000000000e+00, best bound 0.000000000000e+00, gap 0.0000%

Gurobi 7.5.2 (mac64, Python) logging started Wed Dec 20 21:28:46 2017

Academic license - for non-commercial use only
Optimize a model with 160 rows, 320 columns and 1016 nonzeros
Variable types: 0 continuous, 320 integer (320 binary)
Coefficient statistics:
  Matrix range     [1e+00, 1e+00]
  Objective range  [0e+00, 0e+00]
  Bounds range     [1e+00, 1e+00]
  RHS range        [1e+00, 4e+00]
Presolve removed 160 rows and 320 columns
Presolve time: 0.00s
Presolve: All rows and columns removed

Explored 0 nodes (0 simplex iterations) in 0.00 seconds
Thread count was 1 (of 8 available processors)

Solution count 1: 0 

Optimal solution found (tolerance 1.00e-04)
Best objective 0.000000000000e+00, best bound 0.000000000000e+00, gap 0.0000%

Gurobi 7.5.2 (mac64, Python) logging started Wed Dec 20 21:28:47 2017

Academic license - for non-commercial use only
Optimize a model with 160 rows, 320 columns and 1016 nonzeros
Variable types: 0 continuous, 320 integer (320 binary)
Coefficient statistics:
  Matrix range     [1e+00, 1e+00]
  Objective range  [0e+00, 0e+00]
  Bounds range     [1e+00, 1e+00]
  RHS range        [1e+00, 4e+00]
Presolve removed 160 rows and 320 columns
Presolve time: 0.00s
Presolve: All rows and columns removed

Explored 0 nodes (0 simplex iterations) in 0.00 seconds
Thread count was 1 (of 8 available processors)

Solution count 1: 0 

Optimal solution found (tolerance 1.00e-04)
Best objective 0.000000000000e+00, best bound 0.000000000000e+00, gap 0.0000%

Gurobi 7.5.2 (mac64, Python) logging started Wed Dec 20 21:28:47 2017

Academic license - for non-commercial use only
Optimize a model with 160 rows, 320 columns and 1016 nonzeros
Variable types: 0 continuous, 320 integer (320 binary)
Coefficient statistics:
  Matrix range     [1e+00, 1e+00]
  Objective range  [0e+00, 0e+00]
  Bounds range     [1e+00, 1e+00]
  RHS range        [1e+00, 4e+00]
Presolve removed 160 rows and 320 columns
Presolve time: 0.00s
Presolve: All rows and columns removed

Explored 0 nodes (0 simplex iterations) in 0.00 seconds
Thread count was 1 (of 8 available processors)

Solution count 1: 0 

Optimal solution found (tolerance 1.00e-04)
Best objective 0.000000000000e+00, best bound 0.000000000000e+00, gap 0.0000%

Gurobi 7.5.2 (mac64, Python) logging started Wed Dec 20 21:29:17 2017

Academic license - for non-commercial use only
Optimize a model with 160 rows, 320 columns and 1016 nonzeros
Variable types: 0 continuous, 320 integer (320 binary)
Coefficient statistics:
  Matrix range     [1e+00, 1e+00]
  Objective range  [0e+00, 0e+00]
  Bounds range     [1e+00, 1e+00]
  RHS range        [1e+00, 4e+00]
Presolve removed 160 rows and 320 columns
Presolve time: 0.00s
Presolve: All rows and columns removed

Explored 0 nodes (0 simplex iterations) in 0.00 seconds
Thread count was 1 (of 8 available processors)

Solution count 1: 0 

Optimal solution found (tolerance 1.00e-04)
Best objective 0.000000000000e+00, best bound 0.000000000000e+00, gap 0.0000%

Gurobi 7.5.2 (mac64, Python) logging started Wed Dec 20 21:29:19 2017

Academic license - for non-commercial use only
Optimize a model with 160 rows, 320 columns and 1016 nonzeros
Variable types: 0 continuous, 320 integer (320 binary)
Coefficient statistics:
  Matrix range     [1e+00, 1e+00]
  Objective range  [0e+00, 0e+00]
  Bounds range     [1e+00, 1e+00]
  RHS range        [1e+00, 4e+00]
Presolve removed 160 rows and 320 columns
Presolve time: 0.00s
Presolve: All rows and columns removed

Explored 0 nodes (0 simplex iterations) in 0.00 seconds
Thread count was 1 (of 8 available processors)

Solution count 1: 0 

Optimal solution found (tolerance 1.00e-04)
Best objective 0.000000000000e+00, best bound 0.000000000000e+00, gap 0.0000%

Gurobi 7.5.2 (mac64, Python) logging started Wed Dec 20 21:29:19 2017

Academic license - for non-commercial use only
Optimize a model with 160 rows, 320 columns and 1016 nonzeros
Variable types: 0 continuous, 320 integer (320 binary)
Coefficient statistics:
  Matrix range     [1e+00, 1e+00]
  Objective range  [0e+00, 0e+00]
  Bounds range     [1e+00, 1e+00]
  RHS range        [1e+00, 4e+00]
Presolve removed 160 rows and 320 columns
Presolve time: 0.00s
Presolve: All rows and columns removed

Explored 0 nodes (0 simplex iterations) in 0.00 seconds
Thread count was 1 (of 8 available processors)

Solution count 1: 0 

Optimal solution found (tolerance 1.00e-04)
Best objective 0.000000000000e+00, best bound 0.000000000000e+00, gap 0.0000%

Gurobi 7.5.2 (mac64, Python) logging started Wed Dec 20 21:29:20 2017

Academic license - for non-commercial use only
Optimize a model with 160 rows, 320 columns and 1016 nonzeros
Variable types: 0 continuous, 320 integer (320 binary)
Coefficient statistics:
  Matrix range     [1e+00, 1e+00]
  Objective range  [0e+00, 0e+00]
  Bounds range     [1e+00, 1e+00]
  RHS range        [1e+00, 4e+00]
Presolve removed 160 rows and 320 columns
Presolve time: 0.00s
Presolve: All rows and columns removed

Explored 0 nodes (0 simplex iterations) in 0.00 seconds
Thread count was 1 (of 8 available processors)

Solution count 1: 0 

Optimal solution found (tolerance 1.00e-04)
Best objective 0.000000000000e+00, best bound 0.000000000000e+00, gap 0.0000%

Gurobi 7.5.2 (mac64, Python) logging started Wed Dec 20 21:29:21 2017

Academic license - for non-commercial use only
Optimize a model with 160 rows, 320 columns and 1016 nonzeros
Variable types: 0 continuous, 320 integer (320 binary)
Coefficient statistics:
  Matrix range     [1e+00, 1e+00]
  Objective range  [0e+00, 0e+00]
  Bounds range     [1e+00, 1e+00]
  RHS range        [1e+00, 4e+00]
Presolve removed 160 rows and 320 columns
Presolve time: 0.00s
Presolve: All rows and columns removed

Explored 0 nodes (0 simplex iterations) in 0.00 seconds
Thread count was 1 (of 8 available processors)

Solution count 1: 0 

Optimal solution found (tolerance 1.00e-04)
Best objective 0.000000000000e+00, best bound 0.000000000000e+00, gap 0.0000%

Gurobi 7.5.2 (mac64, Python) logging started Wed Dec 20 21:29:22 2017

Academic license - for non-commercial use only
Optimize a model with 160 rows, 320 columns and 1016 nonzeros
Variable types: 0 continuous, 320 integer (320 binary)
Coefficient statistics:
  Matrix range     [1e+00, 1e+00]
  Objective range  [0e+00, 0e+00]
  Bounds range     [1e+00, 1e+00]
  RHS range        [1e+00, 4e+00]
Presolve removed 160 rows and 320 columns
Presolve time: 0.00s
Presolve: All rows and columns removed

Explored 0 nodes (0 simplex iterations) in 0.00 seconds
Thread count was 1 (of 8 available processors)

Solution count 1: 0 

Optimal solution found (tolerance 1.00e-04)
Best objective 0.000000000000e+00, best bound 0.000000000000e+00, gap 0.0000%

Gurobi 7.5.2 (mac64, Python) logging started Wed Dec 20 21:29:22 2017

Academic license - for non-commercial use only
Optimize a model with 160 rows, 320 columns and 1016 nonzeros
Variable types: 0 continuous, 320 integer (320 binary)
Coefficient statistics:
  Matrix range     [1e+00, 1e+00]
  Objective range  [0e+00, 0e+00]
  Bounds range     [1e+00, 1e+00]
  RHS range        [1e+00, 4e+00]
Presolve removed 160 rows and 320 columns
Presolve time: 0.00s
Presolve: All rows and columns removed

Explored 0 nodes (0 simplex iterations) in 0.00 seconds
Thread count was 1 (of 8 available processors)

Solution count 1: 0 

Optimal solution found (tolerance 1.00e-04)
Best objective 0.000000000000e+00, best bound 0.000000000000e+00, gap 0.0000%

Gurobi 7.5.2 (mac64, Python) logging started Wed Dec 20 21:29:23 2017

Academic license - for non-commercial use only
Optimize a model with 160 rows, 320 columns and 1016 nonzeros
Variable types: 0 continuous, 320 integer (320 binary)
Coefficient statistics:
  Matrix range     [1e+00, 1e+00]
  Objective range  [0e+00, 0e+00]
  Bounds range     [1e+00, 1e+00]
  RHS range        [1e+00, 4e+00]
Presolve removed 160 rows and 320 columns
Presolve time: 0.00s
Presolve: All rows and columns removed

Explored 0 nodes (0 simplex iterations) in 0.00 seconds
Thread count was 1 (of 8 available processors)

Solution count 1: 0 

Optimal solution found (tolerance 1.00e-04)
Best objective 0.000000000000e+00, best bound 0.000000000000e+00, gap 0.0000%

Gurobi 7.5.2 (mac64, Python) logging started Wed Dec 20 21:29:24 2017

Academic license - for non-commercial use only
Optimize a model with 160 rows, 320 columns and 1016 nonzeros
Variable types: 0 continuous, 320 integer (320 binary)
Coefficient statistics:
  Matrix range     [1e+00, 1e+00]
  Objective range  [0e+00, 0e+00]
  Bounds range     [1e+00, 1e+00]
  RHS range        [1e+00, 4e+00]
Presolve removed 160 rows and 320 columns
Presolve time: 0.00s
Presolve: All rows and columns removed

Explored 0 nodes (0 simplex iterations) in 0.00 seconds
Thread count was 1 (of 8 available processors)

Solution count 1: 0 

Optimal solution found (tolerance 1.00e-04)
Best objective 0.000000000000e+00, best bound 0.000000000000e+00, gap 0.0000%

Gurobi 7.5.2 (mac64, Python) logging started Wed Dec 20 21:29:24 2017

Academic license - for non-commercial use only
Optimize a model with 160 rows, 320 columns and 1016 nonzeros
Variable types: 0 continuous, 320 integer (320 binary)
Coefficient statistics:
  Matrix range     [1e+00, 1e+00]
  Objective range  [0e+00, 0e+00]
  Bounds range     [1e+00, 1e+00]
  RHS range        [1e+00, 4e+00]
Presolve removed 160 rows and 320 columns
Presolve time: 0.00s
Presolve: All rows and columns removed

Explored 0 nodes (0 simplex iterations) in 0.00 seconds
Thread count was 1 (of 8 available processors)

Solution count 1: 0 

Optimal solution found (tolerance 1.00e-04)
Best objective 0.000000000000e+00, best bound 0.000000000000e+00, gap 0.0000%

Gurobi 7.5.2 (mac64, Python) logging started Wed Dec 20 21:29:25 2017

Academic license - for non-commercial use only
Optimize a model with 160 rows, 320 columns and 1016 nonzeros
Variable types: 0 continuous, 320 integer (320 binary)
Coefficient statistics:
  Matrix range     [1e+00, 1e+00]
  Objective range  [0e+00, 0e+00]
  Bounds range     [1e+00, 1e+00]
  RHS range        [1e+00, 4e+00]
Presolve removed 160 rows and 320 columns
Presolve time: 0.00s
Presolve: All rows and columns removed

Explored 0 nodes (0 simplex iterations) in 0.00 seconds
Thread count was 1 (of 8 available processors)

Solution count 1: 0 

Optimal solution found (tolerance 1.00e-04)
Best objective 0.000000000000e+00, best bound 0.000000000000e+00, gap 0.0000%

Gurobi 7.5.2 (mac64, Python) logging started Wed Dec 20 21:29:26 2017

Academic license - for non-commercial use only
Optimize a model with 160 rows, 320 columns and 1016 nonzeros
Variable types: 0 continuous, 320 integer (320 binary)
Coefficient statistics:
  Matrix range     [1e+00, 1e+00]
  Objective range  [0e+00, 0e+00]
  Bounds range     [1e+00, 1e+00]
  RHS range        [1e+00, 4e+00]
Presolve removed 160 rows and 320 columns
Presolve time: 0.00s
Presolve: All rows and columns removed

Explored 0 nodes (0 simplex iterations) in 0.00 seconds
Thread count was 1 (of 8 available processors)

Solution count 1: 0 

Optimal solution found (tolerance 1.00e-04)
Best objective 0.000000000000e+00, best bound 0.000000000000e+00, gap 0.0000%

Gurobi 7.5.2 (mac64, Python) logging started Wed Dec 20 21:29:26 2017

Academic license - for non-commercial use only
Optimize a model with 160 rows, 320 columns and 1016 nonzeros
Variable types: 0 continuous, 320 integer (320 binary)
Coefficient statistics:
  Matrix range     [1e+00, 1e+00]
  Objective range  [0e+00, 0e+00]
  Bounds range     [1e+00, 1e+00]
  RHS range        [1e+00, 4e+00]
Presolve removed 160 rows and 320 columns
Presolve time: 0.00s
Presolve: All rows and columns removed

Explored 0 nodes (0 simplex iterations) in 0.00 seconds
Thread count was 1 (of 8 available processors)

Solution count 1: 0 

Optimal solution found (tolerance 1.00e-04)
Best objective 0.000000000000e+00, best bound 0.000000000000e+00, gap 0.0000%

Gurobi 7.5.2 (mac64, Python) logging started Wed Dec 20 21:29:27 2017

Academic license - for non-commercial use only
Optimize a model with 160 rows, 320 columns and 1016 nonzeros
Variable types: 0 continuous, 320 integer (320 binary)
Coefficient statistics:
  Matrix range     [1e+00, 1e+00]
  Objective range  [0e+00, 0e+00]
  Bounds range     [1e+00, 1e+00]
  RHS range        [1e+00, 4e+00]
Presolve removed 160 rows and 320 columns
Presolve time: 0.00s
Presolve: All rows and columns removed

Explored 0 nodes (0 simplex iterations) in 0.00 seconds
Thread count was 1 (of 8 available processors)

Solution count 1: 0 

Optimal solution found (tolerance 1.00e-04)
Best objective 0.000000000000e+00, best bound 0.000000000000e+00, gap 0.0000%

Gurobi 7.5.2 (mac64, Python) logging started Wed Dec 20 21:29:27 2017

Academic license - for non-commercial use only
Optimize a model with 160 rows, 320 columns and 1016 nonzeros
Variable types: 0 continuous, 320 integer (320 binary)
Coefficient statistics:
  Matrix range     [1e+00, 1e+00]
  Objective range  [0e+00, 0e+00]
  Bounds range     [1e+00, 1e+00]
  RHS range        [1e+00, 4e+00]
Presolve removed 160 rows and 320 columns
Presolve time: 0.00s
Presolve: All rows and columns removed

Explored 0 nodes (0 simplex iterations) in 0.00 seconds
Thread count was 1 (of 8 available processors)

Solution count 1: 0 

Optimal solution found (tolerance 1.00e-04)
Best objective 0.000000000000e+00, best bound 0.000000000000e+00, gap 0.0000%

Gurobi 7.5.2 (mac64, Python) logging started Wed Dec 20 21:29:28 2017

Academic license - for non-commercial use only
Optimize a model with 160 rows, 320 columns and 1016 nonzeros
Variable types: 0 continuous, 320 integer (320 binary)
Coefficient statistics:
  Matrix range     [1e+00, 1e+00]
  Objective range  [0e+00, 0e+00]
  Bounds range     [1e+00, 1e+00]
  RHS range        [1e+00, 4e+00]
Presolve removed 160 rows and 320 columns
Presolve time: 0.00s
Presolve: All rows and columns removed

Explored 0 nodes (0 simplex iterations) in 0.00 seconds
Thread count was 1 (of 8 available processors)

Solution count 1: 0 

Optimal solution found (tolerance 1.00e-04)
Best objective 0.000000000000e+00, best bound 0.000000000000e+00, gap 0.0000%

Gurobi 7.5.2 (mac64, Python) logging started Wed Dec 20 21:29:29 2017

Academic license - for non-commercial use only
Optimize a model with 160 rows, 320 columns and 1016 nonzeros
Variable types: 0 continuous, 320 integer (320 binary)
Coefficient statistics:
  Matrix range     [1e+00, 1e+00]
  Objective range  [0e+00, 0e+00]
  Bounds range     [1e+00, 1e+00]
  RHS range        [1e+00, 4e+00]
Presolve removed 160 rows and 320 columns
Presolve time: 0.00s
Presolve: All rows and columns removed

Explored 0 nodes (0 simplex iterations) in 0.00 seconds
Thread count was 1 (of 8 available processors)

Solution count 1: 0 

Optimal solution found (tolerance 1.00e-04)
Best objective 0.000000000000e+00, best bound 0.000000000000e+00, gap 0.0000%

Gurobi 7.5.2 (mac64, Python) logging started Wed Dec 20 21:29:29 2017

Academic license - for non-commercial use only
Optimize a model with 160 rows, 320 columns and 1016 nonzeros
Variable types: 0 continuous, 320 integer (320 binary)
Coefficient statistics:
  Matrix range     [1e+00, 1e+00]
  Objective range  [0e+00, 0e+00]
  Bounds range     [1e+00, 1e+00]
  RHS range        [1e+00, 4e+00]
Presolve removed 160 rows and 320 columns
Presolve time: 0.00s
Presolve: All rows and columns removed

Explored 0 nodes (0 simplex iterations) in 0.00 seconds
Thread count was 1 (of 8 available processors)

Solution count 1: 0 

Optimal solution found (tolerance 1.00e-04)
Best objective 0.000000000000e+00, best bound 0.000000000000e+00, gap 0.0000%

Gurobi 7.5.2 (mac64, Python) logging started Sat Dec 30 17:19:33 2017

Academic license - for non-commercial use only

Gurobi 7.5.2 (mac64, Python) logging started Sat Dec 30 17:21:15 2017

Academic license - for non-commercial use only
Optimize a model with 156 rows, 320 columns and 1000 nonzeros
Variable types: 0 continuous, 320 integer (320 binary)
Coefficient statistics:
  Matrix range     [1e+00, 1e+00]
  Objective range  [0e+00, 0e+00]
  Bounds range     [1e+00, 1e+00]
  RHS range        [1e+00, 4e+00]
Presolve removed 73 rows and 219 columns
Presolve time: 0.01s
Presolved: 83 rows, 101 columns, 358 nonzeros
Variable types: 0 continuous, 101 integer (101 binary)
Found heuristic solution: objective 0.0000000

Explored 0 nodes (0 simplex iterations) in 0.02 seconds
Thread count was 8 (of 8 available processors)

Solution count 1: 0 

Optimal solution found (tolerance 1.00e-04)
Best objective 0.000000000000e+00, best bound 0.000000000000e+00, gap 0.0000%

Gurobi 7.5.2 (mac64, Python) logging started Sat Dec 30 17:21:36 2017

Academic license - for non-commercial use only

Gurobi 7.5.2 (mac64, Python) logging started Sat Dec 30 17:22:07 2017

Academic license - for non-commercial use only

Gurobi 7.5.2 (mac64, Python) logging started Sat Dec 30 17:22:34 2017

Academic license - for non-commercial use only

Gurobi 7.5.2 (mac64, Python) logging started Sat Dec 30 17:22:59 2017

Academic license - for non-commercial use only

Gurobi 7.5.2 (mac64, Python) logging started Sat Dec 30 17:23:20 2017

Academic license - for non-commercial use only
Optimize a model with 174 rows, 324 columns and 1040 nonzeros
Variable types: 0 continuous, 324 integer (320 binary)
Coefficient statistics:
  Matrix range     [1e+00, 4e+00]
  Objective range  [0e+00, 0e+00]
  Bounds range     [1e+00, 1e+00]
  RHS range        [1e+00, 5e+00]
Presolve removed 45 rows and 146 columns
Presolve time: 0.00s

Explored 0 nodes (0 simplex iterations) in 0.00 seconds
Thread count was 1 (of 8 available processors)

Solution count 0

Model is infeasible
Best objective -, best bound -, gap -
Warning: linear constraint 156 and linear constraint 160 have the same name "five[1]"

Gurobi 7.5.2 (mac64, Python) logging started Sat Dec 30 17:26:04 2017

Academic license - for non-commercial use only

Gurobi 7.5.2 (mac64, Python) logging started Sat Dec 30 17:34:53 2017

Academic license - for non-commercial use only
Optimize a model with 162 rows, 324 columns and 1028 nonzeros
Variable types: 0 continuous, 324 integer (320 binary)
Coefficient statistics:
  Matrix range     [1e+00, 4e+00]
  Objective range  [0e+00, 0e+00]
  Bounds range     [1e+00, 1e+00]
  RHS range        [1e+00, 5e+00]
Presolve removed 162 rows and 324 columns
Presolve time: 0.00s
Presolve: All rows and columns removed

Explored 0 nodes (0 simplex iterations) in 0.00 seconds
Thread count was 1 (of 8 available processors)

Solution count 1: 0 

Optimal solution found (tolerance 1.00e-04)
Best objective 0.000000000000e+00, best bound 0.000000000000e+00, gap 0.0000%

Gurobi 7.5.2 (mac64, Python) logging started Sat Dec 30 17:35:15 2017

Academic license - for non-commercial use only
Optimize a model with 162 rows, 324 columns and 1028 nonzeros
Variable types: 0 continuous, 324 integer (320 binary)
Coefficient statistics:
  Matrix range     [1e+00, 4e+00]
  Objective range  [0e+00, 0e+00]
  Bounds range     [1e+00, 1e+00]
  RHS range        [1e+00, 5e+00]
Presolve removed 162 rows and 324 columns
Presolve time: 0.00s
Presolve: All rows and columns removed

Explored 0 nodes (0 simplex iterations) in 0.00 seconds
Thread count was 1 (of 8 available processors)

Solution count 1: 0 

Optimal solution found (tolerance 1.00e-04)
Best objective 0.000000000000e+00, best bound 0.000000000000e+00, gap 0.0000%

Gurobi 7.5.2 (mac64, Python) logging started Sat Dec 30 17:35:16 2017

Academic license - for non-commercial use only
Optimize a model with 162 rows, 324 columns and 1028 nonzeros
Variable types: 0 continuous, 324 integer (320 binary)
Coefficient statistics:
  Matrix range     [1e+00, 4e+00]
  Objective range  [0e+00, 0e+00]
  Bounds range     [1e+00, 1e+00]
  RHS range        [1e+00, 5e+00]
Presolve removed 162 rows and 324 columns
Presolve time: 0.00s
Presolve: All rows and columns removed

Explored 0 nodes (0 simplex iterations) in 0.00 seconds
Thread count was 1 (of 8 available processors)

Solution count 1: 0 

Optimal solution found (tolerance 1.00e-04)
Best objective 0.000000000000e+00, best bound 0.000000000000e+00, gap 0.0000%

Gurobi 7.5.2 (mac64, Python) logging started Sat Dec 30 17:35:17 2017

Academic license - for non-commercial use only
Optimize a model with 162 rows, 324 columns and 1028 nonzeros
Variable types: 0 continuous, 324 integer (320 binary)
Coefficient statistics:
  Matrix range     [1e+00, 4e+00]
  Objective range  [0e+00, 0e+00]
  Bounds range     [1e+00, 1e+00]
  RHS range        [1e+00, 5e+00]
Presolve removed 162 rows and 324 columns
Presolve time: 0.00s
Presolve: All rows and columns removed

Explored 0 nodes (0 simplex iterations) in 0.00 seconds
Thread count was 1 (of 8 available processors)

Solution count 1: 0 

Optimal solution found (tolerance 1.00e-04)
Best objective 0.000000000000e+00, best bound 0.000000000000e+00, gap 0.0000%

Gurobi 7.5.2 (mac64, Python) logging started Sat Dec 30 17:35:17 2017

Academic license - for non-commercial use only
Optimize a model with 162 rows, 324 columns and 1028 nonzeros
Variable types: 0 continuous, 324 integer (320 binary)
Coefficient statistics:
  Matrix range     [1e+00, 4e+00]
  Objective range  [0e+00, 0e+00]
  Bounds range     [1e+00, 1e+00]
  RHS range        [1e+00, 5e+00]
Presolve removed 162 rows and 324 columns
Presolve time: 0.00s
Presolve: All rows and columns removed

Explored 0 nodes (0 simplex iterations) in 0.00 seconds
Thread count was 1 (of 8 available processors)

Solution count 1: 0 

Optimal solution found (tolerance 1.00e-04)
Best objective 0.000000000000e+00, best bound 0.000000000000e+00, gap 0.0000%

Gurobi 7.5.2 (mac64, Python) logging started Sat Dec 30 17:35:18 2017

Academic license - for non-commercial use only
Optimize a model with 162 rows, 324 columns and 1028 nonzeros
Variable types: 0 continuous, 324 integer (320 binary)
Coefficient statistics:
  Matrix range     [1e+00, 4e+00]
  Objective range  [0e+00, 0e+00]
  Bounds range     [1e+00, 1e+00]
  RHS range        [1e+00, 5e+00]
Presolve removed 162 rows and 324 columns
Presolve time: 0.00s
Presolve: All rows and columns removed

Explored 0 nodes (0 simplex iterations) in 0.00 seconds
Thread count was 1 (of 8 available processors)

Solution count 1: 0 

Optimal solution found (tolerance 1.00e-04)
Best objective 0.000000000000e+00, best bound 0.000000000000e+00, gap 0.0000%

Gurobi 7.5.2 (mac64, Python) logging started Sat Dec 30 17:35:19 2017

Academic license - for non-commercial use only
Optimize a model with 162 rows, 324 columns and 1028 nonzeros
Variable types: 0 continuous, 324 integer (320 binary)
Coefficient statistics:
  Matrix range     [1e+00, 4e+00]
  Objective range  [0e+00, 0e+00]
  Bounds range     [1e+00, 1e+00]
  RHS range        [1e+00, 5e+00]
Presolve removed 162 rows and 324 columns
Presolve time: 0.00s
Presolve: All rows and columns removed

Explored 0 nodes (0 simplex iterations) in 0.00 seconds
Thread count was 1 (of 8 available processors)

Solution count 1: 0 

Optimal solution found (tolerance 1.00e-04)
Best objective 0.000000000000e+00, best bound 0.000000000000e+00, gap 0.0000%

Gurobi 7.5.2 (mac64, Python) logging started Sat Dec 30 17:35:20 2017

Academic license - for non-commercial use only
Optimize a model with 162 rows, 324 columns and 1028 nonzeros
Variable types: 0 continuous, 324 integer (320 binary)
Coefficient statistics:
  Matrix range     [1e+00, 4e+00]
  Objective range  [0e+00, 0e+00]
  Bounds range     [1e+00, 1e+00]
  RHS range        [1e+00, 5e+00]
Presolve removed 162 rows and 324 columns
Presolve time: 0.00s
Presolve: All rows and columns removed

Explored 0 nodes (0 simplex iterations) in 0.00 seconds
Thread count was 1 (of 8 available processors)

Solution count 1: 0 

Optimal solution found (tolerance 1.00e-04)
Best objective 0.000000000000e+00, best bound 0.000000000000e+00, gap 0.0000%

Gurobi 7.5.2 (mac64, Python) logging started Sat Dec 30 17:35:20 2017

Academic license - for non-commercial use only
Optimize a model with 162 rows, 324 columns and 1028 nonzeros
Variable types: 0 continuous, 324 integer (320 binary)
Coefficient statistics:
  Matrix range     [1e+00, 4e+00]
  Objective range  [0e+00, 0e+00]
  Bounds range     [1e+00, 1e+00]
  RHS range        [1e+00, 5e+00]
Presolve removed 162 rows and 324 columns
Presolve time: 0.00s
Presolve: All rows and columns removed

Explored 0 nodes (0 simplex iterations) in 0.00 seconds
Thread count was 1 (of 8 available processors)

Solution count 1: 0 

Optimal solution found (tolerance 1.00e-04)
Best objective 0.000000000000e+00, best bound 0.000000000000e+00, gap 0.0000%

Gurobi 7.5.2 (mac64, Python) logging started Sat Dec 30 17:35:30 2017

Academic license - for non-commercial use only
Optimize a model with 162 rows, 324 columns and 1028 nonzeros
Variable types: 0 continuous, 324 integer (320 binary)
Coefficient statistics:
  Matrix range     [1e+00, 4e+00]
  Objective range  [0e+00, 0e+00]
  Bounds range     [1e+00, 1e+00]
  RHS range        [1e+00, 5e+00]
Presolve removed 162 rows and 324 columns
Presolve time: 0.00s
Presolve: All rows and columns removed

Explored 0 nodes (0 simplex iterations) in 0.00 seconds
Thread count was 1 (of 8 available processors)

Solution count 1: 0 

Optimal solution found (tolerance 1.00e-04)
Best objective 0.000000000000e+00, best bound 0.000000000000e+00, gap 0.0000%

Gurobi 7.5.2 (mac64, Python) logging started Sat Dec 30 17:35:31 2017

Academic license - for non-commercial use only
Optimize a model with 162 rows, 324 columns and 1028 nonzeros
Variable types: 0 continuous, 324 integer (320 binary)
Coefficient statistics:
  Matrix range     [1e+00, 4e+00]
  Objective range  [0e+00, 0e+00]
  Bounds range     [1e+00, 1e+00]
  RHS range        [1e+00, 5e+00]
Presolve removed 162 rows and 324 columns
Presolve time: 0.00s
Presolve: All rows and columns removed

Explored 0 nodes (0 simplex iterations) in 0.00 seconds
Thread count was 1 (of 8 available processors)

Solution count 1: 0 

Optimal solution found (tolerance 1.00e-04)
Best objective 0.000000000000e+00, best bound 0.000000000000e+00, gap 0.0000%

Gurobi 7.5.2 (mac64, Python) logging started Sat Dec 30 17:35:32 2017

Academic license - for non-commercial use only
Optimize a model with 162 rows, 324 columns and 1028 nonzeros
Variable types: 0 continuous, 324 integer (320 binary)
Coefficient statistics:
  Matrix range     [1e+00, 4e+00]
  Objective range  [0e+00, 0e+00]
  Bounds range     [1e+00, 1e+00]
  RHS range        [1e+00, 5e+00]
Presolve removed 162 rows and 324 columns
Presolve time: 0.00s
Presolve: All rows and columns removed

Explored 0 nodes (0 simplex iterations) in 0.00 seconds
Thread count was 1 (of 8 available processors)

Solution count 1: 0 

Optimal solution found (tolerance 1.00e-04)
Best objective 0.000000000000e+00, best bound 0.000000000000e+00, gap 0.0000%

Gurobi 7.5.2 (mac64, Python) logging started Sat Dec 30 17:35:45 2017

Academic license - for non-commercial use only
Optimize a model with 162 rows, 324 columns and 1028 nonzeros
Variable types: 0 continuous, 324 integer (320 binary)
Coefficient statistics:
  Matrix range     [1e+00, 4e+00]
  Objective range  [0e+00, 0e+00]
  Bounds range     [1e+00, 1e+00]
  RHS range        [1e+00, 5e+00]
Presolve removed 162 rows and 324 columns
Presolve time: 0.00s
Presolve: All rows and columns removed

Explored 0 nodes (0 simplex iterations) in 0.00 seconds
Thread count was 1 (of 8 available processors)

Solution count 1: 0 

Optimal solution found (tolerance 1.00e-04)
Best objective 0.000000000000e+00, best bound 0.000000000000e+00, gap 0.0000%

Gurobi 7.5.2 (mac64, Python) logging started Sat Jan 13 14:11:59 2018

Academic license - for non-commercial use only
Optimize a model with 162 rows, 324 columns and 1028 nonzeros
Variable types: 0 continuous, 324 integer (320 binary)
Coefficient statistics:
  Matrix range     [1e+00, 4e+00]
  Objective range  [0e+00, 0e+00]
  Bounds range     [1e+00, 1e+00]
  RHS range        [1e+00, 5e+00]
Presolve removed 162 rows and 324 columns
Presolve time: 0.01s
Presolve: All rows and columns removed

Explored 0 nodes (0 simplex iterations) in 0.01 seconds
Thread count was 1 (of 8 available processors)

Solution count 1: 0 

Optimal solution found (tolerance 1.00e-04)
Best objective 0.000000000000e+00, best bound 0.000000000000e+00, gap 0.0000%

Gurobi 7.5.2 (mac64, Python) logging started Sat Jan 13 14:13:10 2018

Academic license - for non-commercial use only
Optimize a model with 162 rows, 324 columns and 1028 nonzeros
Variable types: 0 continuous, 324 integer (320 binary)
Coefficient statistics:
  Matrix range     [1e+00, 4e+00]
  Objective range  [0e+00, 0e+00]
  Bounds range     [1e+00, 1e+00]
  RHS range        [1e+00, 5e+00]
Presolve removed 162 rows and 324 columns
Presolve time: 0.00s
Presolve: All rows and columns removed

Explored 0 nodes (0 simplex iterations) in 0.01 seconds
Thread count was 1 (of 8 available processors)

Solution count 1: 0 

Optimal solution found (tolerance 1.00e-04)
Best objective 0.000000000000e+00, best bound 0.000000000000e+00, gap 0.0000%

Gurobi 7.5.2 (mac64, Python) logging started Sun Jan 14 14:42:04 2018

Academic license - for non-commercial use only
Optimize a model with 162 rows, 324 columns and 1028 nonzeros
Variable types: 0 continuous, 324 integer (320 binary)
Coefficient statistics:
  Matrix range     [1e+00, 4e+00]
  Objective range  [0e+00, 0e+00]
  Bounds range     [1e+00, 1e+00]
  RHS range        [1e+00, 5e+00]
Presolve removed 162 rows and 324 columns
Presolve time: 0.01s
Presolve: All rows and columns removed

Explored 0 nodes (0 simplex iterations) in 0.01 seconds
Thread count was 1 (of 8 available processors)

Solution count 1: 0 

Optimal solution found (tolerance 1.00e-04)
Best objective 0.000000000000e+00, best bound 0.000000000000e+00, gap 0.0000%

Gurobi 7.5.2 (mac64, Python) logging started Sun Jan 14 14:42:10 2018

Academic license - for non-commercial use only
Optimize a model with 162 rows, 324 columns and 1028 nonzeros
Variable types: 0 continuous, 324 integer (320 binary)
Coefficient statistics:
  Matrix range     [1e+00, 4e+00]
  Objective range  [0e+00, 0e+00]
  Bounds range     [1e+00, 1e+00]
  RHS range        [1e+00, 5e+00]
Presolve removed 162 rows and 324 columns
Presolve time: 0.00s
Presolve: All rows and columns removed

Explored 0 nodes (0 simplex iterations) in 0.00 seconds
Thread count was 1 (of 8 available processors)

Solution count 1: 0 

Optimal solution found (tolerance 1.00e-04)
Best objective 0.000000000000e+00, best bound 0.000000000000e+00, gap 0.0000%

Gurobi 7.5.2 (mac64, Python) logging started Sun Jan 14 14:42:16 2018

Academic license - for non-commercial use only
Optimize a model with 162 rows, 324 columns and 1028 nonzeros
Variable types: 0 continuous, 324 integer (320 binary)
Coefficient statistics:
  Matrix range     [1e+00, 4e+00]
  Objective range  [0e+00, 0e+00]
  Bounds range     [1e+00, 1e+00]
  RHS range        [1e+00, 5e+00]
Presolve removed 162 rows and 324 columns
Presolve time: 0.00s
Presolve: All rows and columns removed

Explored 0 nodes (0 simplex iterations) in 0.00 seconds
Thread count was 1 (of 8 available processors)

Solution count 1: 0 

Optimal solution found (tolerance 1.00e-04)
Best objective 0.000000000000e+00, best bound 0.000000000000e+00, gap 0.0000%

Gurobi 7.5.2 (mac64, Python) logging started Mon Jan 15 12:32:33 2018

Academic license - for non-commercial use only
Optimize a model with 162 rows, 324 columns and 1028 nonzeros
Variable types: 0 continuous, 324 integer (320 binary)
Coefficient statistics:
  Matrix range     [1e+00, 4e+00]
  Objective range  [0e+00, 0e+00]
  Bounds range     [1e+00, 1e+00]
  RHS range        [1e+00, 5e+00]
Presolve removed 162 rows and 324 columns
Presolve time: 0.01s
Presolve: All rows and columns removed

Explored 0 nodes (0 simplex iterations) in 0.01 seconds
Thread count was 1 (of 8 available processors)

Solution count 1: 0 

Optimal solution found (tolerance 1.00e-04)
Best objective 0.000000000000e+00, best bound 0.000000000000e+00, gap 0.0000%

Gurobi 7.5.2 (mac64, Python) logging started Mon Jan 15 12:32:37 2018

Academic license - for non-commercial use only
Optimize a model with 162 rows, 324 columns and 1028 nonzeros
Variable types: 0 continuous, 324 integer (320 binary)
Coefficient statistics:
  Matrix range     [1e+00, 4e+00]
  Objective range  [0e+00, 0e+00]
  Bounds range     [1e+00, 1e+00]
  RHS range        [1e+00, 5e+00]
Presolve removed 162 rows and 324 columns
Presolve time: 0.00s
Presolve: All rows and columns removed

Explored 0 nodes (0 simplex iterations) in 0.00 seconds
Thread count was 1 (of 8 available processors)

Solution count 1: 0 

Optimal solution found (tolerance 1.00e-04)
Best objective 0.000000000000e+00, best bound 0.000000000000e+00, gap 0.0000%

Gurobi 7.5.2 (mac64, Python) logging started Mon Jan 15 12:44:04 2018

Academic license - for non-commercial use only
Optimize a model with 162 rows, 324 columns and 1028 nonzeros
Variable types: 0 continuous, 324 integer (320 binary)
Coefficient statistics:
  Matrix range     [1e+00, 4e+00]
  Objective range  [0e+00, 0e+00]
  Bounds range     [1e+00, 1e+00]
  RHS range        [1e+00, 5e+00]
Presolve removed 162 rows and 324 columns
Presolve time: 0.00s
Presolve: All rows and columns removed

Explored 0 nodes (0 simplex iterations) in 0.00 seconds
Thread count was 1 (of 8 available processors)

Solution count 1: 0 

Optimal solution found (tolerance 1.00e-04)
Best objective 0.000000000000e+00, best bound 0.000000000000e+00, gap 0.0000%

Gurobi 7.5.2 (mac64, Python) logging started Mon Jan 15 12:44:58 2018

Academic license - for non-commercial use only
Optimize a model with 160 rows, 320 columns and 1016 nonzeros
Variable types: 0 continuous, 320 integer (320 binary)
Coefficient statistics:
  Matrix range     [1e+00, 1e+00]
  Objective range  [0e+00, 0e+00]
  Bounds range     [1e+00, 1e+00]
  RHS range        [1e+00, 4e+00]
Presolve removed 160 rows and 320 columns
Presolve time: 0.00s
Presolve: All rows and columns removed

Explored 0 nodes (0 simplex iterations) in 0.00 seconds
Thread count was 1 (of 8 available processors)

Solution count 1: 0 

Optimal solution found (tolerance 1.00e-04)
Best objective 0.000000000000e+00, best bound 0.000000000000e+00, gap 0.0000%

Gurobi 7.5.2 (mac64, Python) logging started Mon Jan 15 13:18:54 2018

Academic license - for non-commercial use only
Optimize a model with 160 rows, 320 columns and 1016 nonzeros
Variable types: 0 continuous, 320 integer (320 binary)
Coefficient statistics:
  Matrix range     [1e+00, 1e+00]
  Objective range  [0e+00, 0e+00]
  Bounds range     [1e+00, 1e+00]
  RHS range        [1e+00, 4e+00]
Presolve removed 160 rows and 320 columns
Presolve time: 0.00s
Presolve: All rows and columns removed

Explored 0 nodes (0 simplex iterations) in 0.00 seconds
Thread count was 1 (of 8 available processors)

Solution count 1: 0 

Optimal solution found (tolerance 1.00e-04)
Best objective 0.000000000000e+00, best bound 0.000000000000e+00, gap 0.0000%
